<?xml version="1.0" encoding="UTF-8"?>
<testsuite name="jp.co.lbn.study.ut.Gohara.Lesson01Test" tests="1" skipped="0" failures="0" errors="0" timestamp="2023-11-18T06:36:32" hostname="DESKTOP-NTNU0AD" time="0.037">
  <properties/>
  <testcase name="multipleValue()" classname="jp.co.lbn.study.ut.Gohara.Lesson01Test" time="0.037"/>
  <system-out><![CDATA[]]></system-out>
  <system-err><![CDATA[]]></system-err>
</testsuite>
